<?xml version="1.0" encoding="UTF-8"?>
<testsuite xmlns:xsi="http://www.w3.org/2001/XMLSchema-instance" xsi:noNamespaceSchemaLocation="https://maven.apache.org/surefire/maven-surefire-plugin/xsd/surefire-test-report-3.0.xsd" version="3.0" name="pt.unl.fct.pds.AppTest" time="3.515" tests="3" errors="0" skipped="0" failures="0">
  <properties>
[...]
</properties>
  <testcase name="testConsensusParsing" classname="pt.unl.fct.pds.AppTest" time="0.257"/>
  <testcase name="testSelectorsBuildOneCircuit" classname="pt.unl.fct.pds.AppTest" time="0.208"/>
  <testcase name="testSelectorsEvaluationAndCsv" classname="pt.unl.fct.pds.AppTest" time="3.03">
    <system-out><![CDATA[=== Simple Evaluation Summary ===
Trials per selector: 100

=== Tor Summary ===
Requested trials: 100
Completed circuits: 100
Distinct-country circuits: 70 (70,00%)
Subnet collisions (/16): 0 (0,00%)
Avg guard BW: 53271,0, avg middle BW: 53223,0, avg exit BW: 10173,1
Top guards:
  prsv -> 8
  Quetzalcoatl -> 4
  ForPrivacyNET -> 2
  Kanellos -> 2
  Unnamed -> 2
Top exits:
  merkle -> 5
  schuetzdich -> 5
  eo207 -> 4
  eo193 -> 4
  winner -> 3

=== Geo Summary ===
Requested trials: 100
Completed circuits: 100
Distinct-country circuits: 100 (100,00%)
Subnet collisions (/16): 0 (0,00%)
Avg guard BW: 55633,0, avg middle BW: 59770,0, avg exit BW: 12363,0
Top guards:
  Quetzalcoatl -> 8
  prsv -> 7
  F3Netze -> 4
  ForPrivacyNET -> 4
  dotsrcRelay1 -> 2
Top exits:
  schuetzdich -> 7
  sullyhelpstor -> 6
  eo178 -> 3
  young -> 3
  eo186 -> 3

]]></system-out>
  </testcase>
</testsuite>