<?xml version="1.0" encoding="UTF-8"?>
<testsuite xmlns:xsi="http://www.w3.org/2001/XMLSchema-instance" xsi:noNamespaceSchemaLocation="https://maven.apache.org/surefire/maven-surefire-plugin/xsd/surefire-test-report-3.0.xsd" version="3.0" name="pt.unl.fct.pds.AppTest" time="3.53" tests="3" errors="0" skipped="0" failures="0">
  <properties>
[...]
</properties>
  <testcase name="testConsensusParsing" classname="pt.unl.fct.pds.AppTest" time="0.276"/>
  <testcase name="testSelectorsEvaluationAndCsv" classname="pt.unl.fct.pds.AppTest" time="3.129">
    <system-out><![CDATA[=== Simple Evaluation Summary ===
Trials per selector: 100

=== Tor Summary ===
Requested trials: 100
Completed circuits: 100
Distinct-country circuits: 71 (71,00%)
Subnet collisions (/16): 0 (0,00%)
Avg guard BW: 54225,0, avg middle BW: 52942,0, avg exit BW: 11061,0
Top guards:
  prsv -> 10
  Quetzalcoatl -> 8
  Unnamed -> 3
  anion -> 2
  Kanellos -> 2
Top exits:
  schuetzdich -> 6
  zimmermann -> 4
  turing -> 4
  eo206 -> 3
  FreeNODE -> 3

=== Geo Summary ===
Requested trials: 100
Completed circuits: 100
Distinct-country circuits: 100 (100,00%)
Subnet collisions (/16): 0 (0,00%)
Avg guard BW: 55302,0, avg middle BW: 51589,0, avg exit BW: 12696,0
Top guards:
  prsv -> 9
  Quetzalcoatl -> 5
  ForPrivacyNET -> 5
  Unnamed -> 3
  F3Netze -> 2
Top exits:
  schuetzdich -> 8
  sullyhelpstor -> 4
  NotYourWifi -> 3
  eo203 -> 3
  phin -> 3

]]></system-out>
  </testcase>
  <testcase name="testSelectorsBuildOneCircuit" classname="pt.unl.fct.pds.AppTest" time="0.101"/>
</testsuite>